time="2020-09-24T08:48:03+01:00" level=info msg="Router URL: http://192.168.0.1\n"
time="2020-09-24T08:48:04+01:00" level=info msg="LOGGED IN"
time="2020-09-24T08:48:11+01:00" level=info msg="LOGGED OUT"
time="2020-09-24T08:51:57+01:00" level=info msg="Log: vmhubctl.log\n"
time="2020-09-24T08:51:57+01:00" level=info msg="Router URL: http://192.168.0.1\n"
time="2020-09-24T08:51:59+01:00" level=info msg="LOGGED IN"
time="2020-09-24T08:52:00+01:00" level=info msg=NOOP
time="2020-09-24T08:52:01+01:00" level=info msg=NOOP
time="2020-09-24T08:52:02+01:00" level=info msg="LOGGED OUT"
time="2020-09-24T08:52:50+01:00" level=info msg="Log: vmhubctl.log\n"
time="2020-09-24T08:52:50+01:00" level=info msg="Router URL: http://192.168.0.1\n"
time="2020-09-24T08:52:51+01:00" level=info msg="LOGGED IN"
time="2020-09-24T08:52:52+01:00" level=info msg="Changing Wifi 2.4Ghz enabled to: %strue"
time="2020-09-24T08:52:52+01:00" level=info msg=NOOP
time="2020-09-24T08:52:53+01:00" level=info msg="Changing Wifi 5Ghz enabled to: %strue"
time="2020-09-24T08:52:53+01:00" level=info msg=NOOP
time="2020-09-24T08:52:54+01:00" level=info msg="LOGGED OUT"
time="2020-09-24T08:55:47+01:00" level=info msg="Log: vmhubctl.log\n"
time="2020-09-24T08:55:47+01:00" level=info msg="Router URL: http://192.168.0.1\n"
time="2020-09-24T08:55:48+01:00" level=info msg="LOGGED IN"
time="2020-09-24T08:55:50+01:00" level=info msg="Changing Wifi 2.4Ghz enabled to: %strue"
time="2020-09-24T08:55:50+01:00" level=info msg=NOOP
time="2020-09-24T08:55:52+01:00" level=info msg="Changing Wifi 5Ghz enabled to: %strue"
time="2020-09-24T08:55:52+01:00" level=info msg=NOOP
time="2020-09-24T08:55:53+01:00" level=info msg="LOGGED OUT"
time="2020-09-24T08:56:12+01:00" level=info msg="Log: vmhubctl.log\n"
time="2020-09-24T08:56:12+01:00" level=info msg="Router URL: http://192.168.0.1\n"
time="2020-09-24T08:56:13+01:00" level=info msg="LOGGED IN"
time="2020-09-24T08:56:14+01:00" level=info msg="Changing Wifi 2.4Ghz enabled to: %strue"
time="2020-09-24T08:56:14+01:00" level=info msg=NOOP
time="2020-09-24T08:56:15+01:00" level=info msg="Changing Wifi 5Ghz enabled to: %strue"
time="2020-09-24T08:56:15+01:00" level=info msg=NOOP
time="2020-09-24T08:56:16+01:00" level=info msg="LOGGED OUT"
time="2020-09-24T08:58:11+01:00" level=info msg="Log: vmhubctl.log\n"
time="2020-09-24T08:58:11+01:00" level=info msg="Router URL: http://192.168.0.1\n"
time="2020-09-24T08:58:12+01:00" level=info msg="LOGGED IN"
time="2020-09-24T08:58:12+01:00" level=debug msg="http://192.168.0.1/snmpGet?oids=1.3.6.1.4.1.4115.1.20.1.1.3.22.1.3.10001;_n=12345"
time="2020-09-24T08:58:13+01:00" level=info msg="Changing Wifi 2.4Ghz enabled to: %strue"
time="2020-09-24T08:58:13+01:00" level=info msg=NOOP
time="2020-09-24T08:58:13+01:00" level=debug msg="http://192.168.0.1/snmpGet?oids=1.3.6.1.4.1.4115.1.20.1.1.3.22.1.3.10101;_n=12345"
time="2020-09-24T08:58:14+01:00" level=info msg="Changing Wifi 5Ghz enabled to: %strue"
time="2020-09-24T08:58:14+01:00" level=info msg=NOOP
time="2020-09-24T08:58:15+01:00" level=info msg="LOGGED OUT"
time="2020-09-24T18:32:43+01:00" level=info msg="Log: vmhubctl.log\n"
time="2020-09-24T18:32:43+01:00" level=info msg="Router URL: http://192.168.0.1\n"
time="2020-09-24T18:32:44+01:00" level=info msg="LOGGED IN"
time="2020-09-24T18:32:52+01:00" level=info msg="LOGGED OUT"
